abr. 05, 2025 6:08:50 PM liquibase.changelog
INFORMAÇÕES: Reading resource: db/changelog/migrations/db.changelog-202408191938.sql
abr. 05, 2025 6:08:50 PM liquibase.changelog
INFORMAÇÕES: Reading resource: db/changelog/migrations/db.changelog-202408210954.sql
abr. 05, 2025 6:08:50 PM liquibase.changelog
INFORMAÇÕES: Reading resource: db/changelog/migrations/db.changelog-202408211004.sql
abr. 05, 2025 6:08:50 PM liquibase.changelog
INFORMAÇÕES: Reading resource: db/changelog/migrations/db.changelog-202408211005.sql
abr. 05, 2025 6:08:50 PM liquibase.changelog
INFORMAÇÕES: Reading resource: db/changelog/migrations/db.changelog-202408281807.sql
abr. 05, 2025 6:08:51 PM liquibase.changelog
INFORMAÇÕES: Reading from board.databasechangelog
Database is up to date, no changesets to execute
abr. 05, 2025 6:08:51 PM liquibase.changelog
INFORMAÇÕES: Reading from board.databasechangelog

UPDATE SUMMARY
Run:                          0
Previously run:               5
Filtered out:                 0
-------------------------------
Total change sets:            5

abr. 05, 2025 6:08:51 PM liquibase.util
INFORMAÇÕES: UPDATE SUMMARY
abr. 05, 2025 6:08:51 PM liquibase.util
INFORMAÇÕES: Run:                          0
abr. 05, 2025 6:08:51 PM liquibase.util
INFORMAÇÕES: Previously run:               5
abr. 05, 2025 6:08:51 PM liquibase.util
INFORMAÇÕES: Filtered out:                 0
abr. 05, 2025 6:08:51 PM liquibase.util
INFORMAÇÕES: -------------------------------
abr. 05, 2025 6:08:51 PM liquibase.util
INFORMAÇÕES: Total change sets:            5
abr. 05, 2025 6:08:51 PM liquibase.util
INFORMAÇÕES: Update summary generated
abr. 05, 2025 6:08:51 PM liquibase.lockservice
INFORMAÇÕES: Successfully released change log lock
abr. 05, 2025 6:08:51 PM liquibase.command
INFORMAÇÕES: Command execution complete
